03/14/2024 04:23:10 PM Request Header: {'User-Agent': 'python-requests/2.25.1', 'Accept-Encoding': 'gzip, deflate', 'Accept': '*/*', 'Connection': 'keep-alive'}
03/14/2024 04:23:10 PM Request Header: {'User-Agent': 'python-requests/2.25.1', 'Accept-Encoding': 'gzip, deflate', 'Accept': '*/*', 'Connection': 'keep-alive'}
03/14/2024 04:23:10 PM Request Header: {'User-Agent': 'python-requests/2.25.1', 'Accept-Encoding': 'gzip, deflate', 'Accept': '*/*', 'Connection': 'keep-alive'}
03/14/2024 04:23:10 PM Request Header: {'User-Agent': 'python-requests/2.25.1', 'Accept-Encoding': 'gzip, deflate', 'Accept': '*/*', 'Connection': 'keep-alive'}
03/14/2024 04:23:10 PM Response Body: {
    "QuoteResponse": {
        "QuoteData": [
            {
                "All": {
                    "ExtendedHourQuoteDetail": {
                        "ask": 14.72,
                        "askSize": 5400,
                        "bid": 14.7,
                        "bidSize": 2000,
                        "change": -0.09,
                        "lastPrice": 14.71,
                        "percentChange": -0.61,
                        "quoteStatus": "EH_REALTIME",
                        "timeOfLastTrade": 1710458314,
                        "timeZone": "EST",
                        "volume": 26313351
                    },
                    "adjustedFlag": false,
                    "ask": 14.72,
                    "askSize": 5400,
                    "askTime": "19:18:34 EDT 03-14-2024",
                    "averageVolume": 30514176,
                    "beta": 0.72,
                    "bid": 14.7,
                    "bidExchange": "",
                    "bidSize": 2000,
                    "bidTime": "19:18:34 EDT 03-14-2024",
                    "cashDeliverable": 0,
                    "changeClose": -0.09,
                    "changeClosePercentage": -0.61,
                    "companyName": "PETROLEO BRASILEIRO SA PETROBR SPONSORED ADR",
                    "contractSize": 0.0,
                    "daysToExpiration": 0,
                    "declaredDividend": 0.1486,
                    "dirLast": "2",
                    "dividend": 0.1486,
                    "dividendPayableDate": 1709079790,
                    "eps": 4.7883,
                    "estEarnings": 3.417,
                    "exDividendDate": 1700698990,
                    "expirationDate": 0,
                    "high": 15.02,
                    "high52": 17.91,
                    "intrinsicValue": 0.0,
                    "lastTrade": 14.72,
                    "low": 14.62,
                    "low52": 9.56,
                    "marketCap": 54776461440.0,
                    "nextEarningDate": "",
                    "open": 15.0,
                    "openInterest": 0,
                    "optionMultiplier": 0.0,
                    "optionStyle": "",
                    "optionUnderlier": "",
                    "pe": 3.755,
                    "previousClose": 14.81,
                    "previousDayVolume": 24150311,
                    "primaryExchange": "NYSE",
                    "sharesOutstanding": 3721227000,
                    "symbolDescription": "PETROLEO BRASILEIRO SA PETROBR SPONSORED ADR",
                    "timeOfLastTrade": 1710447000,
                    "timePremium": 0.0,
                    "totalVolume": 26313351,
                    "upc": 0,
                    "week52HiDate": 1709079790,
                    "week52LowDate": 1679700190,
                    "yield": 17.3329
                },
                "Product": {
                    "securityType": "EQ",
                    "symbol": "PBR"
                },
                "ahFlag": "true",
                "dateTime": "19:18:34 EDT 03-14-2024",
                "dateTimeUTC": 1710458314,
                "hasMiniOptions": false,
                "quoteStatus": "CLOSING"
            }
        ]
    }
}
03/14/2024 04:23:10 PM Response Body: {
    "QuoteResponse": {
        "QuoteData": [
            {
                "All": {
                    "ExtendedHourQuoteDetail": {
                        "ask": 14.72,
                        "askSize": 5400,
                        "bid": 14.7,
                        "bidSize": 2000,
                        "change": -0.09,
                        "lastPrice": 14.71,
                        "percentChange": -0.61,
                        "quoteStatus": "EH_REALTIME",
                        "timeOfLastTrade": 1710458314,
                        "timeZone": "EST",
                        "volume": 26313351
                    },
                    "adjustedFlag": false,
                    "ask": 14.72,
                    "askSize": 5400,
                    "askTime": "19:18:34 EDT 03-14-2024",
                    "averageVolume": 30514176,
                    "beta": 0.72,
                    "bid": 14.7,
                    "bidExchange": "",
                    "bidSize": 2000,
                    "bidTime": "19:18:34 EDT 03-14-2024",
                    "cashDeliverable": 0,
                    "changeClose": -0.09,
                    "changeClosePercentage": -0.61,
                    "companyName": "PETROLEO BRASILEIRO SA PETROBR SPONSORED ADR",
                    "contractSize": 0.0,
                    "daysToExpiration": 0,
                    "declaredDividend": 0.1486,
                    "dirLast": "2",
                    "dividend": 0.1486,
                    "dividendPayableDate": 1709079790,
                    "eps": 4.7883,
                    "estEarnings": 3.417,
                    "exDividendDate": 1700698990,
                    "expirationDate": 0,
                    "high": 15.02,
                    "high52": 17.91,
                    "intrinsicValue": 0.0,
                    "lastTrade": 14.72,
                    "low": 14.62,
                    "low52": 9.56,
                    "marketCap": 54776461440.0,
                    "nextEarningDate": "",
                    "open": 15.0,
                    "openInterest": 0,
                    "optionMultiplier": 0.0,
                    "optionStyle": "",
                    "optionUnderlier": "",
                    "pe": 3.755,
                    "previousClose": 14.81,
                    "previousDayVolume": 24150311,
                    "primaryExchange": "NYSE",
                    "sharesOutstanding": 3721227000,
                    "symbolDescription": "PETROLEO BRASILEIRO SA PETROBR SPONSORED ADR",
                    "timeOfLastTrade": 1710447000,
                    "timePremium": 0.0,
                    "totalVolume": 26313351,
                    "upc": 0,
                    "week52HiDate": 1709079790,
                    "week52LowDate": 1679700190,
                    "yield": 17.3329
                },
                "Product": {
                    "securityType": "EQ",
                    "symbol": "PBR"
                },
                "ahFlag": "true",
                "dateTime": "19:18:34 EDT 03-14-2024",
                "dateTimeUTC": 1710458314,
                "hasMiniOptions": false,
                "quoteStatus": "CLOSING"
            }
        ]
    }
}
03/14/2024 04:23:10 PM Response Body: {
    "QuoteResponse": {
        "QuoteData": [
            {
                "All": {
                    "ExtendedHourQuoteDetail": {
                        "ask": 14.72,
                        "askSize": 5400,
                        "bid": 14.7,
                        "bidSize": 2000,
                        "change": -0.09,
                        "lastPrice": 14.71,
                        "percentChange": -0.61,
                        "quoteStatus": "EH_REALTIME",
                        "timeOfLastTrade": 1710458314,
                        "timeZone": "EST",
                        "volume": 26313351
                    },
                    "adjustedFlag": false,
                    "ask": 14.72,
                    "askSize": 5400,
                    "askTime": "19:18:34 EDT 03-14-2024",
                    "averageVolume": 30514176,
                    "beta": 0.72,
                    "bid": 14.7,
                    "bidExchange": "",
                    "bidSize": 2000,
                    "bidTime": "19:18:34 EDT 03-14-2024",
                    "cashDeliverable": 0,
                    "changeClose": -0.09,
                    "changeClosePercentage": -0.61,
                    "companyName": "PETROLEO BRASILEIRO SA PETROBR SPONSORED ADR",
                    "contractSize": 0.0,
                    "daysToExpiration": 0,
                    "declaredDividend": 0.1486,
                    "dirLast": "2",
                    "dividend": 0.1486,
                    "dividendPayableDate": 1709079790,
                    "eps": 4.7883,
                    "estEarnings": 3.417,
                    "exDividendDate": 1700698990,
                    "expirationDate": 0,
                    "high": 15.02,
                    "high52": 17.91,
                    "intrinsicValue": 0.0,
                    "lastTrade": 14.72,
                    "low": 14.62,
                    "low52": 9.56,
                    "marketCap": 54776461440.0,
                    "nextEarningDate": "",
                    "open": 15.0,
                    "openInterest": 0,
                    "optionMultiplier": 0.0,
                    "optionStyle": "",
                    "optionUnderlier": "",
                    "pe": 3.755,
                    "previousClose": 14.81,
                    "previousDayVolume": 24150311,
                    "primaryExchange": "NYSE",
                    "sharesOutstanding": 3721227000,
                    "symbolDescription": "PETROLEO BRASILEIRO SA PETROBR SPONSORED ADR",
                    "timeOfLastTrade": 1710447000,
                    "timePremium": 0.0,
                    "totalVolume": 26313351,
                    "upc": 0,
                    "week52HiDate": 1709079790,
                    "week52LowDate": 1679700190,
                    "yield": 17.3329
                },
                "Product": {
                    "securityType": "EQ",
                    "symbol": "PBR"
                },
                "ahFlag": "true",
                "dateTime": "19:18:34 EDT 03-14-2024",
                "dateTimeUTC": 1710458314,
                "hasMiniOptions": false,
                "quoteStatus": "CLOSING"
            }
        ]
    }
}
03/14/2024 04:23:10 PM Response Body: {
    "QuoteResponse": {
        "QuoteData": [
            {
                "All": {
                    "ExtendedHourQuoteDetail": {
                        "ask": 14.72,
                        "askSize": 5400,
                        "bid": 14.7,
                        "bidSize": 2000,
                        "change": -0.09,
                        "lastPrice": 14.71,
                        "percentChange": -0.61,
                        "quoteStatus": "EH_REALTIME",
                        "timeOfLastTrade": 1710458314,
                        "timeZone": "EST",
                        "volume": 26313351
                    },
                    "adjustedFlag": false,
                    "ask": 14.72,
                    "askSize": 5400,
                    "askTime": "19:18:34 EDT 03-14-2024",
                    "averageVolume": 30514176,
                    "beta": 0.72,
                    "bid": 14.7,
                    "bidExchange": "",
                    "bidSize": 2000,
                    "bidTime": "19:18:34 EDT 03-14-2024",
                    "cashDeliverable": 0,
                    "changeClose": -0.09,
                    "changeClosePercentage": -0.61,
                    "companyName": "PETROLEO BRASILEIRO SA PETROBR SPONSORED ADR",
                    "contractSize": 0.0,
                    "daysToExpiration": 0,
                    "declaredDividend": 0.1486,
                    "dirLast": "2",
                    "dividend": 0.1486,
                    "dividendPayableDate": 1709079790,
                    "eps": 4.7883,
                    "estEarnings": 3.417,
                    "exDividendDate": 1700698990,
                    "expirationDate": 0,
                    "high": 15.02,
                    "high52": 17.91,
                    "intrinsicValue": 0.0,
                    "lastTrade": 14.72,
                    "low": 14.62,
                    "low52": 9.56,
                    "marketCap": 54776461440.0,
                    "nextEarningDate": "",
                    "open": 15.0,
                    "openInterest": 0,
                    "optionMultiplier": 0.0,
                    "optionStyle": "",
                    "optionUnderlier": "",
                    "pe": 3.755,
                    "previousClose": 14.81,
                    "previousDayVolume": 24150311,
                    "primaryExchange": "NYSE",
                    "sharesOutstanding": 3721227000,
                    "symbolDescription": "PETROLEO BRASILEIRO SA PETROBR SPONSORED ADR",
                    "timeOfLastTrade": 1710447000,
                    "timePremium": 0.0,
                    "totalVolume": 26313351,
                    "upc": 0,
                    "week52HiDate": 1709079790,
                    "week52LowDate": 1679700190,
                    "yield": 17.3329
                },
                "Product": {
                    "securityType": "EQ",
                    "symbol": "PBR"
                },
                "ahFlag": "true",
                "dateTime": "19:18:34 EDT 03-14-2024",
                "dateTimeUTC": 1710458314,
                "hasMiniOptions": false,
                "quoteStatus": "CLOSING"
            }
        ]
    }
}
